c:\users\student\desktop\2年_2dシューティングゲーム\2年_2dシューティングゲーム\debug\vc140.pdb
c:\users\student\desktop\2年_2dシューティングゲーム\2年_2dシューティングゲーム\debug\vc140.idb
c:\users\student\desktop\2年_2dシューティングゲーム\2年_2dシューティングゲーム\debug\effect.obj
c:\users\student\desktop\2年_2dシューティングゲーム\2年_2dシューティングゲーム\debug\enemy.obj
c:\users\student\desktop\2年_2dシューティングゲーム\2年_2dシューティングゲーム\debug\explosion.obj
c:\users\student\desktop\2年_2dシューティングゲーム\2年_2dシューティングゲーム\debug\input.obj
c:\users\student\desktop\2年_2dシューティングゲーム\2年_2dシューティングゲーム\debug\keyboard.obj
c:\users\student\desktop\2年_2dシューティングゲーム\2年_2dシューティングゲーム\debug\laser.obj
c:\users\student\desktop\2年_2dシューティングゲーム\2年_2dシューティングゲーム\debug\light.obj
c:\users\student\desktop\2年_2dシューティングゲーム\2年_2dシューティングゲーム\debug\main.obj
c:\users\student\desktop\2年_2dシューティングゲーム\2年_2dシューティングゲーム\debug\manager.obj
c:\users\student\desktop\2年_2dシューティングゲーム\2年_2dシューティングゲーム\debug\number.obj
c:\users\student\desktop\2年_2dシューティングゲーム\2年_2dシューティングゲーム\debug\player.obj
c:\users\student\desktop\2年_2dシューティングゲーム\2年_2dシューティングゲーム\debug\renderer.obj
c:\users\student\desktop\2年_2dシューティングゲーム\2年_2dシューティングゲーム\debug\scene.obj
c:\users\student\desktop\2年_2dシューティングゲーム\2年_2dシューティングゲーム\debug\scene2d.obj
c:\users\student\desktop\2年_2dシューティングゲーム\2年_2dシューティングゲーム\debug\score.obj
c:\users\student\desktop\2年_2dシューティングゲーム\2年_2dシューティングゲーム\debug\shield.obj
c:\users\student\desktop\2年_2dシューティングゲーム\2年_2dシューティングゲーム\debug\sound.obj
c:\users\student\desktop\2年_2dシューティングゲーム\2年_2dシューティングゲーム\debug\title.obj
c:\users\student\desktop\2年_2dシューティングゲーム\2年_2dシューティングゲーム\debug\titlebg.obj
c:\users\student\desktop\2年_2dシューティングゲーム\2年_2dシューティングゲーム\debug\ui.obj
c:\users\student\desktop\2年_2dシューティングゲーム\2年_2dシューティングゲーム\debug\bg.obj
c:\users\student\desktop\2年_2dシューティングゲーム\2年_2dシューティングゲーム\debug\bomb.obj
c:\users\student\desktop\2年_2dシューティングゲーム\2年_2dシューティングゲーム\debug\boss.obj
c:\users\student\desktop\2年_2dシューティングゲーム\2年_2dシューティングゲーム\debug\bullet.obj
c:\users\student\desktop\2年_2dシューティングゲーム\2年_2dシューティングゲーム\debug\controller.obj
c:\users\student\desktop\2年_2dシューティングゲーム\2年_2dシューティングゲーム\debug\game.obj
c:\users\student\desktop\2年_2dシューティングゲーム\2年_2dシューティングゲーム\debug\resultbg.obj
c:\users\student\desktop\2年_2dシューティングゲーム\2年_2dシューティングゲーム\debug\result.obj
c:\users\student\desktop\2年_2dシューティングゲーム\2年_2dシューティングゲーム\debug\fade.obj
c:\users\student\desktop\2年_2dシューティングゲーム\2年_2dシューティングゲーム\debug\hpber.obj
c:\users\student\desktop\2年_2dシューティングゲーム\2年_2dシューティングゲーム\debug\hpbar.obj
c:\users\student\desktop\2年_2dシューティングゲーム\2年_2dシューティングゲーム\debug\flash.obj
c:\users\student\desktop\2年_2dシューティングゲーム\2年_2dシューティングゲーム\debug\boss.obj.enc
c:\users\student\desktop\2年_2dシューティングゲーム\2年_2dシューティングゲーム\debug\fade.obj.enc
c:\users\student\desktop\2年_2dシューティングゲーム\2年_2dシューティングゲーム\debug\laser.obj.enc
c:\users\student\desktop\2年_2dシューティングゲーム\2年_2dシューティングゲーム\debug\manager.obj.enc
c:\users\student\desktop\2年_2dシューティングゲーム\2年_2dシューティングゲーム\debug\player.obj.enc
c:\users\student\desktop\2年_2dシューティングゲーム\2年_2dシューティングゲーム\debug\title.obj.enc
c:\users\student\desktop\2年_2dシューティングゲーム\debug\2年_2dシューティングゲーム.pdb
c:\users\student\desktop\2年_2dシューティングゲーム\debug\2年_2dシューティングゲーム.exe
c:\users\student\desktop\2年_2dシューティングゲーム\debug\2年_2dシューティングゲーム.ilk
c:\users\student\desktop\2年_2dシューティングゲーム\2年_2dシューティングゲーム\debug\2年_2dシューティングゲーム.tlog\cl.command.1.tlog
c:\users\student\desktop\2年_2dシューティングゲーム\2年_2dシューティングゲーム\debug\2年_2dシューティングゲーム.tlog\cl.read.1.tlog
c:\users\student\desktop\2年_2dシューティングゲーム\2年_2dシューティングゲーム\debug\2年_2dシューティングゲーム.tlog\cl.write.1.tlog
c:\users\student\desktop\2年_2dシューティングゲーム\2年_2dシューティングゲーム\debug\2年_2dシューティングゲーム.tlog\link.command.1.tlog
c:\users\student\desktop\2年_2dシューティングゲーム\2年_2dシューティングゲーム\debug\2年_2dシューティングゲーム.tlog\link.read.1.tlog
c:\users\student\desktop\2年_2dシューティングゲーム\2年_2dシューティングゲーム\debug\2年_2dシューティングゲーム.tlog\link.write.1.tlog
