c:\users\student\desktop\2年_2dシューティングゲーム\2年_2dシューティングゲーム\release\vc140.pdb
c:\users\student\desktop\2年_2dシューティングゲーム\2年_2dシューティングゲーム\release\score.obj
c:\users\student\desktop\2年_2dシューティングゲーム\2年_2dシューティングゲーム\release\scene2d.obj
c:\users\student\desktop\2年_2dシューティングゲーム\2年_2dシューティングゲーム\release\scene.obj
c:\users\student\desktop\2年_2dシューティングゲーム\2年_2dシューティングゲーム\release\renderer.obj
c:\users\student\desktop\2年_2dシューティングゲーム\2年_2dシューティングゲーム\release\player.obj
c:\users\student\desktop\2年_2dシューティングゲーム\2年_2dシューティングゲーム\release\number.obj
c:\users\student\desktop\2年_2dシューティングゲーム\2年_2dシューティングゲーム\release\manager.obj
c:\users\student\desktop\2年_2dシューティングゲーム\2年_2dシューティングゲーム\release\main.obj
c:\users\student\desktop\2年_2dシューティングゲーム\2年_2dシューティングゲーム\release\light.obj
c:\users\student\desktop\2年_2dシューティングゲーム\2年_2dシューティングゲーム\release\laser.obj
c:\users\student\desktop\2年_2dシューティングゲーム\2年_2dシューティングゲーム\release\keyboard.obj
c:\users\student\desktop\2年_2dシューティングゲーム\2年_2dシューティングゲーム\release\input.obj
c:\users\student\desktop\2年_2dシューティングゲーム\2年_2dシューティングゲーム\release\explosion.obj
c:\users\student\desktop\2年_2dシューティングゲーム\2年_2dシューティングゲーム\release\enemy.obj
c:\users\student\desktop\2年_2dシューティングゲーム\2年_2dシューティングゲーム\release\effect.obj
c:\users\student\desktop\2年_2dシューティングゲーム\2年_2dシューティングゲーム\release\controller.obj
c:\users\student\desktop\2年_2dシューティングゲーム\2年_2dシューティングゲーム\release\bullet.obj
c:\users\student\desktop\2年_2dシューティングゲーム\2年_2dシューティングゲーム\release\boss.obj
c:\users\student\desktop\2年_2dシューティングゲーム\2年_2dシューティングゲーム\release\bomb.obj
c:\users\student\desktop\2年_2dシューティングゲーム\2年_2dシューティングゲーム\release\bg.obj
c:\users\student\desktop\2年_2dシューティングゲーム\2年_2dシューティングゲーム\release\ui.obj
c:\users\student\desktop\2年_2dシューティングゲーム\2年_2dシューティングゲーム\release\titlebg.obj
c:\users\student\desktop\2年_2dシューティングゲーム\2年_2dシューティングゲーム\release\title.obj
c:\users\student\desktop\2年_2dシューティングゲーム\2年_2dシューティングゲーム\release\sound.obj
c:\users\student\desktop\2年_2dシューティングゲーム\2年_2dシューティングゲーム\release\shield.obj
c:\users\student\desktop\2年_2dシューティングゲーム\2年_2dシューティングゲーム\release\resultbg.obj
c:\users\student\desktop\2年_2dシューティングゲーム\2年_2dシューティングゲーム\release\result.obj
c:\users\student\desktop\2年_2dシューティングゲーム\2年_2dシューティングゲーム\release\game.obj
c:\users\student\desktop\2年_2dシューティングゲーム\2年_2dシューティングゲーム\release\hpbar.obj
c:\users\student\desktop\2年_2dシューティングゲーム\2年_2dシューティングゲーム\release\fade.obj
c:\users\student\desktop\2年_2dシューティングゲーム\2年_2dシューティングゲーム\release\gage.obj
c:\users\student\desktop\2年_2dシューティングゲーム\2年_2dシューティングゲーム\release\flash.obj
c:\users\student\desktop\2年_2dシューティングゲーム\release\2年_2dシューティングゲーム.exe
c:\users\student\desktop\2年_2dシューティングゲーム\release\2年_2dシューティングゲーム.ipdb
c:\users\student\desktop\2年_2dシューティングゲーム\release\2年_2dシューティングゲーム.iobj
c:\users\student\desktop\2年_2dシューティングゲーム\release\2年_2dシューティングゲーム.pdb
c:\users\student\desktop\2年_2dシューティングゲーム\2年_2dシューティングゲーム\release\2年_2dシューティングゲーム.tlog\cl.command.1.tlog
c:\users\student\desktop\2年_2dシューティングゲーム\2年_2dシューティングゲーム\release\2年_2dシューティングゲーム.tlog\cl.read.1.tlog
c:\users\student\desktop\2年_2dシューティングゲーム\2年_2dシューティングゲーム\release\2年_2dシューティングゲーム.tlog\cl.write.1.tlog
c:\users\student\desktop\2年_2dシューティングゲーム\2年_2dシューティングゲーム\release\2年_2dシューティングゲーム.tlog\link.command.1.tlog
c:\users\student\desktop\2年_2dシューティングゲーム\2年_2dシューティングゲーム\release\2年_2dシューティングゲーム.tlog\link.read.1.tlog
c:\users\student\desktop\2年_2dシューティングゲーム\2年_2dシューティングゲーム\release\2年_2dシューティングゲーム.tlog\link.write.1.tlog
